
5월 08, 2022 13:45:29.188 NEW SESSION
5월 08, 2022 13:45:29.189 [12076:11564:0508/134529.184:ERROR:device_event_log_impl.cc(214)] [13:45:29.183] USB: usb_device_handle_win.cc:1049 Failed to read descriptor from node connection: 시스템에 부착된 장치가 작동하지 않습니다. (0x1F)
5월 08, 2022 13:45:29.190 [12076:11564:0508/134529.184:ERROR:device_event_log_impl.cc(214)] [13:45:29.184] USB: usb_device_handle_win.cc:1049 Failed to read descriptor from node connection: 시스템에 부착된 장치가 작동하지 않습니다. (0x1F)
5월 08, 2022 13:46:26.979 [12076:7148:0508/134626.979:ERROR:util.cc(126)] Can't create base directory: C:\Program Files\Google\GoogleUpdater

5월 08, 2022 19:26:30.875 NEW SESSION
5월 08, 2022 19:26:30.875 [15380:1824:0508/192630.873:ERROR:device_event_log_impl.cc(214)] [19:26:30.873] USB: usb_device_handle_win.cc:1049 Failed to read descriptor from node connection: 시스템에 부착된 장치가 작동하지 않습니다. (0x1F)
5월 08, 2022 19:26:30.877 [15380:1824:0508/192630.873:ERROR:device_event_log_impl.cc(214)] [19:26:30.873] USB: usb_device_handle_win.cc:1049 Failed to read descriptor from node connection: 시스템에 부착된 장치가 작동하지 않습니다. (0x1F)
5월 08, 2022 19:27:28.500 [15380:15976:0508/192728.500:ERROR:util.cc(126)] Can't create base directory: C:\Program Files\Google\GoogleUpdater
5월 09, 2022 24:27:28.506 [15380:10972:0509/002728.504:ERROR:util.cc(126)] Can't create base directory: C:\Program Files\Google\GoogleUpdater

5월 10, 2022 23:55:17.136 NEW SESSION
5월 10, 2022 23:55:17.136 [5512:13652:0510/235517.101:ERROR:device_event_log_impl.cc(214)] [23:55:17.101] USB: usb_device_handle_win.cc:1049 Failed to read descriptor from node connection: 시스템에 부착된 장치가 작동하지 않습니다. (0x1F)
5월 10, 2022 23:55:17.176 [5512:13652:0510/235517.102:ERROR:device_event_log_impl.cc(214)] [23:55:17.102] USB: usb_device_handle_win.cc:1049 Failed to read descriptor from node connection: 시스템에 부착된 장치가 작동하지 않습니다. (0x1F)
5월 10, 2022 23:56:14.650 [5512:9688:0510/235614.649:ERROR:util.cc(126)] Can't create base directory: C:\Program Files\Google\GoogleUpdater

5월 11, 2022 04:47:51.334 NEW SESSION
5월 11, 2022 04:47:51.334 [2996:19132:0511/044751.332:ERROR:device_event_log_impl.cc(214)] [04:47:51.332] USB: usb_device_handle_win.cc:1049 Failed to read descriptor from node connection: 시스템에 부착된 장치가 작동하지 않습니다. (0x1F)
5월 11, 2022 04:47:51.335 [2996:19132:0511/044751.332:ERROR:device_event_log_impl.cc(214)] [04:47:51.332] USB: usb_device_handle_win.cc:1049 Failed to read descriptor from node connection: 시스템에 부착된 장치가 작동하지 않습니다. (0x1F)
5월 11, 2022 04:48:01.236 [12712:7596:0511/044801.235:ERROR:device_event_log_impl.cc(214)] [04:48:01.235] USB: usb_device_handle_win.cc:1049 Failed to read descriptor from node connection: 시스템에 부착된 장치가 작동하지 않습니다. (0x1F)
5월 11, 2022 04:48:01.237 [12712:7596:0511/044801.236:ERROR:device_event_log_impl.cc(214)] [04:48:01.236] USB: usb_device_handle_win.cc:1049 Failed to read descriptor from node connection: 시스템에 부착된 장치가 작동하지 않습니다. (0x1F)
5월 11, 2022 04:48:58.950 [12712:6560:0511/044858.950:ERROR:util.cc(126)] Can't create base directory: C:\Program Files\Google\GoogleUpdater
5월 11, 2022 04:53:17.388 [12712:7596:0511/045317.388:ERROR:interface_endpoint_client.cc(665)] Message 0 rejected by interface blink.mojom.WidgetHost
5월 11, 2022 04:53:52.202 [12712:7596:0511/045352.202:ERROR:interface_endpoint_client.cc(665)] Message 0 rejected by interface blink.mojom.WidgetHost

5월 11, 2022 21:26:07.247 NEW SESSION
5월 11, 2022 21:26:07.248 [8312:14328:0511/212607.242:ERROR:device_event_log_impl.cc(214)] [21:26:07.243] USB: usb_device_handle_win.cc:1049 Failed to read descriptor from node connection: 시스템에 부착된 장치가 작동하지 않습니다. (0x1F)
5월 11, 2022 21:26:07.303 [8312:14328:0511/212607.243:ERROR:device_event_log_impl.cc(214)] [21:26:07.243] USB: usb_device_handle_win.cc:1049 Failed to read descriptor from node connection: 시스템에 부착된 장치가 작동하지 않습니다. (0x1F)
5월 11, 2022 21:27:05.99 [8312:16060:0511/212705.099:ERROR:util.cc(126)] Can't create base directory: C:\Program Files\Google\GoogleUpdater
5월 12, 2022 04:13:07.962 [8312:8284:0512/041307.962:ERROR:util.cc(126)] Can't create base directory: C:\Program Files\Google\GoogleUpdater

5월 12, 2022 19:53:50.298 NEW SESSION
5월 12, 2022 19:53:50.298 [3392:3404:0512/195350.295:ERROR:device_event_log_impl.cc(214)] [19:53:50.295] USB: usb_device_handle_win.cc:1049 Failed to read descriptor from node connection: 시스템에 부착된 장치가 작동하지 않습니다. (0x1F)
5월 12, 2022 19:53:50.299 [3392:3404:0512/195350.295:ERROR:device_event_log_impl.cc(214)] [19:53:50.295] USB: usb_device_handle_win.cc:1049 Failed to read descriptor from node connection: 시스템에 부착된 장치가 작동하지 않습니다. (0x1F)
5월 12, 2022 19:54:47.999 [3392:6800:0512/195447.998:ERROR:util.cc(126)] Can't create base directory: C:\Program Files\Google\GoogleUpdater

5월 12, 2022 22:57:22.463 NEW SESSION
5월 12, 2022 22:57:22.464 [15200:14996:0512/225722.459:ERROR:device_event_log_impl.cc(214)] [22:57:22.459] USB: usb_device_handle_win.cc:1049 Failed to read descriptor from node connection: 시스템에 부착된 장치가 작동하지 않습니다. (0x1F)
5월 12, 2022 22:57:22.465 [15200:14996:0512/225722.459:ERROR:device_event_log_impl.cc(214)] [22:57:22.459] USB: usb_device_handle_win.cc:1049 Failed to read descriptor from node connection: 시스템에 부착된 장치가 작동하지 않습니다. (0x1F)
5월 12, 2022 22:58:20.160 [15200:10540:0512/225820.159:ERROR:util.cc(126)] Can't create base directory: C:\Program Files\Google\GoogleUpdater
5월 12, 2022 23:10:58.882 [14244:3124:0512/231058.881:ERROR:device_event_log_impl.cc(214)] [23:10:58.880] USB: usb_device_handle_win.cc:1049 Failed to read descriptor from node connection: 시스템에 부착된 장치가 작동하지 않습니다. (0x1F)
5월 12, 2022 23:10:58.882 [14244:3124:0512/231058.882:ERROR:device_event_log_impl.cc(214)] [23:10:58.881] USB: usb_device_handle_win.cc:1049 Failed to read descriptor from node connection: 시스템에 부착된 장치가 작동하지 않습니다. (0x1F)
5월 12, 2022 23:11:56.666 [14244:5960:0512/231156.666:ERROR:util.cc(126)] Can't create base directory: C:\Program Files\Google\GoogleUpdater

5월 13, 2022 18:54:57.410 NEW SESSION
5월 13, 2022 18:54:57.410 [8084:13800:0513/185457.407:ERROR:device_event_log_impl.cc(214)] [18:54:57.406] USB: usb_device_handle_win.cc:1049 Failed to read descriptor from node connection: 시스템에 부착된 장치가 작동하지 않습니다. (0x1F)
5월 13, 2022 18:54:57.412 [8084:13800:0513/185457.407:ERROR:device_event_log_impl.cc(214)] [18:54:57.407] USB: usb_device_handle_win.cc:1049 Failed to read descriptor from node connection: 시스템에 부착된 장치가 작동하지 않습니다. (0x1F)
5월 13, 2022 18:55:54.921 [8084:1608:0513/185554.921:ERROR:util.cc(126)] Can't create base directory: C:\Program Files\Google\GoogleUpdater
5월 13, 2022 20:23:00.653 [8084:13872:0513/202300.652:ERROR:mcs_client.cc(755)] Received close command, resetting connection.
5월 13, 2022 20:57:27.593 [13156:16568:0513/205727.592:ERROR:device_event_log_impl.cc(214)] [20:57:27.593] USB: usb_device_handle_win.cc:1049 Failed to read descriptor from node connection: 시스템에 부착된 장치가 작동하지 않습니다. (0x1F)
5월 13, 2022 20:57:27.593 [13156:16568:0513/205727.592:ERROR:device_event_log_impl.cc(214)] [20:57:27.593] USB: usb_device_handle_win.cc:1049 Failed to read descriptor from node connection: 시스템에 부착된 장치가 작동하지 않습니다. (0x1F)
5월 13, 2022 20:58:25.139 [13156:3184:0513/205825.139:ERROR:util.cc(126)] Can't create base directory: C:\Program Files\Google\GoogleUpdater
